Adding $570 to fontello 
{ addFunds: { id: 'v349mrwg-z75lpy7b-ebgpa08d-jeybknox' } }
Adding $480.29 to raspap 
{ addFunds: { id: 'mlo94zn7-x08dpobv-gvmqewga-3vjbrky5' } }
Adding $5017.68 to homebrew 
{ addFunds: { id: 'a47byg9n-xozdp8y9-v9mqmjlv-03rek5w8' } }
Adding $3417.22 to babel 
{ addFunds: { id: 'vrgbk357-l4x96ead-ed4pomew-a0jdyzn8' } }
Adding $167 to geysermc 
{ addFunds: { id: 'vedj9wro-z3a56d3e-8elp7blg-8x4m0ykn' } }
Adding $5581.77 to neovim 
{ addFunds: { id: '3z8arxve-ymko60y9-49bqgl5n-bj9w704d' } }
Adding $125 to linuxserver 
{ addFunds: { id: 'gm9bnk80-437xqryo-moopvzeo-ljdayw5r' } }
Adding $1176.73 to ruffle 
{ addFunds: { id: '8k03reyd-5agmq5e9-a9yqlbwo-z7j4nxv9' } }
Adding $1015 to doctrine 
{ addFunds: { id: 'mvrwng4k-j03dpbmo-yoaqz57o-yl9e8xba' } }
Adding $19 to keeweb 
{ addFunds: { id: 'n4gx0bro-v5m96n0x-3x8qd8lk-3ey7jzwa' } }
Adding $626.07 to urllib3 
{ addFunds: { id: '3k0exgzn-m8yj64r9-j9jp5wao-9r7b4dlv' } }
Adding $1507 to pnpm 
{ addFunds: { id: 'gnxdwzj3-le5mpwjg-og9qy8rv-bko04a97' } }
Adding $4295.28 to tokio 
{ addFunds: { id: 'k9mbw7y4-8r3zq3g9-x98p0ej5-lavnodgx' } }
Adding $758.65 to pmndrs 
{ addFunds: { id: '8rzownxl-9e50pxy5-85b6ymvb-dgk7j43a' } }
Adding $1257 to yiisoft 
{ addFunds: { id: 'jrkx5lmn-v904qjwn-b8mp8bwa-7zdygoe3' } }
Adding $240 to webrtc-rs 
{ addFunds: { id: 'ejoxl3az-45w9pawy-z4w6y870-mgkbrvdn' } }
Adding $980 to swiftwasm 
{ addFunds: { id: '3kzxy4v0-7wlr6mv3-w0k6mj9n-o8agdbe5' } }
Adding $29 to master-co 
{ addFunds: { id: 'ax8emk7l-nw54q759-78xpgyvj-0o93zdrb' } }
Adding $188.7 to emacs-lsp 
{ addFunds: { id: 'mywxoz34-09rl6kg4-nebpvenb-dj7gk85a' } }
Adding $1686.18 to eslint 
{ addFunds: { id: 'zaxon793-jy8gpl3w-4drpbrkd-emwl5v04' } }
Adding $1103.6 to xmonad 
{ addFunds: { id: 'e0adkjrv-8xwm697g-zdkq7z5n-4l93bgoy' } }
Adding $218.67 to starship 
{ addFunds: { id: 'ywz9j4av-god8pgmr-0zypmr35-nxklb0e7' } }
Adding $727.53 to swc 
{ addFunds: { id: 'rxg0j35l-zkwm6v50-yjxqvoe9-8n47daby' } }
Adding $1003.93 to nager 
{ addFunds: { id: 'eng0kzdy-vor4pzbn-dorpbma8-37xlw95j' } }
Adding $555 to verdaccio 
{ addFunds: { id: 'v349mrwg-z75lpy7b-eygpa08d-jeybknox' } }
Adding $130 to enginehub 
{ addFunds: { id: 'mlo94zn7-x08dpobv-g5mqewga-3vjbrky5' } }
Adding $515 to probe-rs 
{ addFunds: { id: 'rxg0j35l-zkwm6v50-yjmqvoe9-8n47daby' } }
Adding $263 to azuracast 
{ addFunds: { id: 'eng0kzdy-vor4pzbn-do0pbma8-37xlw95j' } }
Adding $44 to aurelia 
{ addFunds: { id: 'v349mrwg-z75lpy7b-eyzpa08d-jeybknox' } }
Adding $1055 to testcontainers 
{ addFunds: { id: 'mlo94zn7-x08dpobv-g5wqewga-3vjbrky5' } }
Adding $2550 to markdown-it 
{ addFunds: { id: 'a47byg9n-xozdp8y9-ve9qmjlv-03rek5w8' } }
Adding $575 to modern-web 
{ addFunds: { id: 'vrgbk357-l4x96ead-ejjpomew-a0jdyzn8' } }
Adding $1001.33 to preact 
{ addFunds: { id: 'vedj9wro-z3a56d3e-8xzp7blg-8x4m0ykn' } }
Adding $847 to gulpjs 
{ addFunds: { id: '3z8arxve-ymko60y9-43mqgl5n-bj9w704d' } }
Adding $895 to mautic 
{ addFunds: { id: 'gm9bnk80-437xqryo-m4mpvzeo-ljdayw5r' } }
Adding $713.13 to ohmyzsh 
{ addFunds: { id: '8k03reyd-5agmq5e9-ayoqlbwo-z7j4nxv9' } }
Adding $10 to advancedfx 
{ addFunds: { id: 'mvrwng4k-j03dpbmo-yw0qz57o-yl9e8xba' } }
Adding $573 to sinon 
{ addFunds: { id: 'n4gx0bro-v5m96n0x-3rwqd8lk-3ey7jzwa' } }
Adding $2207.82 to yarnpkg 
{ addFunds: { id: '3k0exgzn-m8yj64r9-j08p5wao-9r7b4dlv' } }
Adding $618 to nanoframework 
{ addFunds: { id: 'gnxdwzj3-le5mpwjg-oyjqy8rv-bko04a97' } }
Adding $80 to docksal 
{ addFunds: { id: 'k9mbw7y4-8r3zq3g9-xdop0ej5-lavnodgx' } }
Adding $2388.87 to curl 
{ addFunds: { id: '8rzownxl-9e50pxy5-8oj6ymvb-dgk7j43a' } }
Adding $601 to axios 
{ addFunds: { id: 'jrkx5lmn-v904qjwn-b0op8bwa-7zdygoe3' } }
Adding $720 to celery 
{ addFunds: { id: 'ejoxl3az-45w9pawy-zjm6y870-mgkbrvdn' } }
Adding $616 to unified 
{ addFunds: { id: '3kzxy4v0-7wlr6mv3-wbe6mj9n-o8agdbe5' } }
Adding $90 to lark 
{ addFunds: { id: 'ax8emk7l-nw54q759-7bopgyvj-0o93zdrb' } }
Adding $808.32 to sixlabors 
{ addFunds: { id: 'mywxoz34-09rl6kg4-nrlpvenb-dj7gk85a' } }
Adding $52 to textpattern-collective 
{ addFunds: { id: 'zaxon793-jy8gpl3w-4gnpbrkd-emwl5v04' } }
Adding $687 to phalcon 
{ addFunds: { id: 'e0adkjrv-8xwm697g-z4mq7z5n-4l93bgoy' } }
Adding $20 to react-native-datetimepicker 
{ addFunds: { id: 'ywz9j4av-god8pgmr-085pmr35-nxklb0e7' } }
Adding $200 to centrifugal 
{ addFunds: { id: 'rxg0j35l-zkwm6v50-yzmqvoe9-8n47daby' } }
Adding $114.1 to pdm 
{ addFunds: { id: 'eng0kzdy-vor4pzbn-de0pbma8-37xlw95j' } }
Adding $140.18 to discordjs 
{ addFunds: { id: 'v349mrwg-z75lpy7b-e8zpa08d-jeybknox' } }
Adding $65 to prismarinejs 
{ addFunds: { id: 'mlo94zn7-x08dpobv-g4wqewga-3vjbrky5' } }
Adding $157 to maplibre 
{ addFunds: { id: 'a47byg9n-xozdp8y9-vn9qmjlv-03rek5w8' } }
Adding $266.7 to papermc 
{ addFunds: { id: 'vrgbk357-l4x96ead-eyjpomew-a0jdyzn8' } }
Adding $570 to node-fetch 
{ addFunds: { id: 'vedj9wro-z3a56d3e-8zzp7blg-8x4m0ykn' } }
Adding $45 to endoflife-date 
{ addFunds: { id: '3z8arxve-ymko60y9-4omqgl5n-bj9w704d' } }
Adding $90 to f-droid 
{ addFunds: { id: 'gm9bnk80-437xqryo-mxmpvzeo-ljdayw5r' } }
Adding $105 to meshtastic 
{ addFunds: { id: '8k03reyd-5agmq5e9-aroqlbwo-z7j4nxv9' } }
Adding $16.83 to dioxus-labs 
{ addFunds: { id: 'mvrwng4k-j03dpbmo-ya0qz57o-yl9e8xba' } }
Adding $345.49 to purpurmc 
{ addFunds: { id: 'n4gx0bro-v5m96n0x-3nwqd8lk-3ey7jzwa' } }
Error finding a matching Collective for GitHub Organization kriasoft
Adding $780 to cheerio 
{ addFunds: { id: '3k0exgzn-m8yj64r9-jo8p5wao-9r7b4dlv' } }
Adding $765 to openlayers 
{ addFunds: { id: 'gnxdwzj3-le5mpwjg-owjqy8rv-bko04a97' } }
Adding $30 to passwordless 
{ addFunds: { id: 'k9mbw7y4-8r3zq3g9-xyop0ej5-lavnodgx' } }
Adding $3155 to dj-stripe 
{ addFunds: { id: '8rzownxl-9e50pxy5-83j6ymvb-dgk7j43a' } }
Adding $617 to twind 
{ addFunds: { id: 'jrkx5lmn-v904qjwn-bvop8bwa-7zdygoe3' } }
Adding $75.65 to denosaurs 
{ addFunds: { id: 'ejoxl3az-45w9pawy-zgm6y870-mgkbrvdn' } }
Adding $60.2 to activitywatch 
{ addFunds: { id: '3kzxy4v0-7wlr6mv3-woe6mj9n-o8agdbe5' } }
Adding $783 to mswjs 
{ addFunds: { id: 'ax8emk7l-nw54q759-7dopgyvj-0o93zdrb' } }
Adding $240 to moleculer 
{ addFunds: { id: 'mywxoz34-09rl6kg4-nzlpvenb-dj7gk85a' } }
Adding $106 to vifm 
{ addFunds: { id: 'zaxon793-jy8gpl3w-4ynpbrkd-emwl5v04' } }
Adding $820.97 to hanami 
{ addFunds: { id: 'e0adkjrv-8xwm697g-zrmq7z5n-4l93bgoy' } }
Adding $1247.67 to react-navigation 
{ addFunds: { id: 'ywz9j4av-god8pgmr-0j5pmr35-nxklb0e7' } }
Adding $105 to infection 
{ addFunds: { id: 'rxg0j35l-zkwm6v50-y4mqvoe9-8n47daby' } }
Adding $210 to open5gs 
{ addFunds: { id: 'eng0kzdy-vor4pzbn-dj0pbma8-37xlw95j' } }
Adding $5 to castle-engine 
{ addFunds: { id: 'v349mrwg-z75lpy7b-exzpa08d-jeybknox' } }
Adding $100 to analysis-tools 
{ addFunds: { id: 'mlo94zn7-x08dpobv-gewqewga-3vjbrky5' } }
Adding $25 to vuepic1 
{ addFunds: { id: 'a47byg9n-xozdp8y9-v09qmjlv-03rek5w8' } }
Adding $667 to sage_math 
{ addFunds: { id: 'vrgbk357-l4x96ead-e3jpomew-a0jdyzn8' } }
Adding $38 to pyenv 
{ addFunds: { id: 'vedj9wro-z3a56d3e-8wzp7blg-8x4m0ykn' } }
Adding $20 to wslutilities 
{ addFunds: { id: '3z8arxve-ymko60y9-4mmqgl5n-bj9w704d' } }
Adding $5139.16 to detekt 
{ addFunds: { id: 'gm9bnk80-437xqryo-mrmpvzeo-ljdayw5r' } }
Adding $18 to dim 
{ addFunds: { id: '8k03reyd-5agmq5e9-a8oqlbwo-z7j4nxv9' } }
Adding $344.67 to dokku 
{ addFunds: { id: 'mvrwng4k-j03dpbmo-yn0qz57o-yl9e8xba' } }
Adding $11 to android-password-store 
{ addFunds: { id: 'n4gx0bro-v5m96n0x-38wqd8lk-3ey7jzwa' } }
Adding $5 to react-native-elements 
{ addFunds: { id: '3k0exgzn-m8yj64r9-jj8p5wao-9r7b4dlv' } }
Adding $23 to essentialsx 
{ addFunds: { id: 'gnxdwzj3-le5mpwjg-oojqy8rv-bko04a97' } }
Adding $67.81 to ciderapp 
{ addFunds: { id: 'k9mbw7y4-8r3zq3g9-xxop0ej5-lavnodgx' } }
Adding $583 to 11ty 
{ addFunds: { id: '8rzownxl-9e50pxy5-88j6ymvb-dgk7j43a' } }
Adding $25 to hackpad 
{ addFunds: { id: 'jrkx5lmn-v904qjwn-bbop8bwa-7zdygoe3' } }
Adding $73.31 to openscad 
{ addFunds: { id: 'ejoxl3az-45w9pawy-zzm6y870-mgkbrvdn' } }
Adding $120 to dhall 
{ addFunds: { id: '3kzxy4v0-7wlr6mv3-wwe6mj9n-o8agdbe5' } }
Adding $6 to lamdu 
{ addFunds: { id: 'ax8emk7l-nw54q759-77opgyvj-0o93zdrb' } }
Adding $188 to clojure-lsp 
{ addFunds: { id: 'mywxoz34-09rl6kg4-nnlpvenb-dj7gk85a' } }
Adding $28 to discord4j 
{ addFunds: { id: 'zaxon793-jy8gpl3w-44npbrkd-emwl5v04' } }
Adding $200 to the-gita-initiative 
{ addFunds: { id: 'e0adkjrv-8xwm697g-zzmq7z5n-4l93bgoy' } }
Adding $39 to namelessmc 
{ addFunds: { id: 'ywz9j4av-god8pgmr-005pmr35-nxklb0e7' } }
Adding $1601.5 to leafletjs 
{ addFunds: { id: 'rxg0j35l-zkwm6v50-yymqvoe9-8n47daby' } }
Adding $556 to nodeca 
{ addFunds: { id: 'eng0kzdy-vor4pzbn-dd0pbma8-37xlw95j' } }
Adding $110 to piranhacms 
{ addFunds: { id: 'v349mrwg-z75lpy7b-eezpa08d-jeybknox' } }
Adding $15 to tastyigniter 
{ addFunds: { id: 'mlo94zn7-x08dpobv-ggwqewga-3vjbrky5' } }
Adding $198 to oatpp 
{ addFunds: { id: 'a47byg9n-xozdp8y9-vv9qmjlv-03rek5w8' } }
Adding $229.68 to tuistapp 
{ addFunds: { id: 'vrgbk357-l4x96ead-eejpomew-a0jdyzn8' } }
Adding $732 to parse-server 
{ addFunds: { id: 'vedj9wro-z3a56d3e-88zp7blg-8x4m0ykn' } }
Adding $10 to oasis 
{ addFunds: { id: '3z8arxve-ymko60y9-44mqgl5n-bj9w704d' } }
Adding $16.97 to go-kratos 
{ addFunds: { id: 'gm9bnk80-437xqryo-mmmpvzeo-ljdayw5r' } }
Adding $619 to typegraphql 
{ addFunds: { id: '8k03reyd-5agmq5e9-aaoqlbwo-z7j4nxv9' } }
Adding $25.83 to mwmbl 
{ addFunds: { id: 'mvrwng4k-j03dpbmo-yy0qz57o-yl9e8xba' } }
Adding $40 to dry-python 
{ addFunds: { id: 'n4gx0bro-v5m96n0x-33wqd8lk-3ey7jzwa' } }
Adding $656 to katex 
{ addFunds: { id: '3k0exgzn-m8yj64r9-jy8p5wao-9r7b4dlv' } }
Adding $55 to hpx 
{ addFunds: { id: 'gnxdwzj3-le5mpwjg-o9jqy8rv-bko04a97' } }
Adding $21.16 to netbootxyz 
{ addFunds: { id: 'k9mbw7y4-8r3zq3g9-xzop0ej5-lavnodgx' } }
Adding $110 to oilshell 
{ addFunds: { id: '8rzownxl-9e50pxy5-89j6ymvb-dgk7j43a' } }
Adding $11.61 to nvim-treesitter 
{ addFunds: { id: 'jrkx5lmn-v904qjwn-b3op8bwa-7zdygoe3' } }
Adding $5 to casbin 
{ addFunds: { id: 'ejoxl3az-45w9pawy-zem6y870-mgkbrvdn' } }
Adding $10 to ledfx 
{ addFunds: { id: '3kzxy4v0-7wlr6mv3-wae6mj9n-o8agdbe5' } }
Adding $7 to open-chemistry 
{ addFunds: { id: 'ax8emk7l-nw54q759-7eopgyvj-0o93zdrb' } }
Adding $35 to sshnet 
{ addFunds: { id: 'mywxoz34-09rl6kg4-nxlpvenb-dj7gk85a' } }
Adding $562 to stylelint 
{ addFunds: { id: 'zaxon793-jy8gpl3w-4jnpbrkd-emwl5v04' } }
Adding $22 to gitea 
{ addFunds: { id: 'e0adkjrv-8xwm697g-z0mq7z5n-4l93bgoy' } }
Adding $25 to playframework 
{ addFunds: { id: 'ywz9j4av-god8pgmr-0n5pmr35-nxklb0e7' } }
Adding $17 to icosa 
{ addFunds: { id: 'rxg0j35l-zkwm6v50-y9mqvoe9-8n47daby' } }
Adding $26 to boardgameio 
{ addFunds: { id: 'eng0kzdy-vor4pzbn-d90pbma8-37xlw95j' } }
Adding $10 to http4k 
{ addFunds: { id: 'v349mrwg-z75lpy7b-e9zpa08d-jeybknox' } }
Adding $13 to crow 
{ addFunds: { id: 'mlo94zn7-x08dpobv-g7wqewga-3vjbrky5' } }
Adding $560 to python-trio 
{ addFunds: { id: 'rxg0j35l-zkwm6v50-y90qvoe9-8n47daby' } }
Adding $559 to emmet 
{ addFunds: { id: 'eng0kzdy-vor4pzbn-d9opbma8-37xlw95j' } }
Error finding a matching Collective for GitHub Organization carbon-app
Adding $55 to yourls 
{ addFunds: { id: 'v349mrwg-z75lpy7b-e98pa08d-jeybknox' } }
Adding $5 to instantos 
{ addFunds: { id: 'mlo94zn7-x08dpobv-g7eqewga-3vjbrky5' } }
Adding $2.73 to sopel 
{ addFunds: { id: 'a47byg9n-xozdp8y9-vdvqmjlv-03rek5w8' } }
Adding $10 to dbgate 
{ addFunds: { id: 'vrgbk357-l4x96ead-e55pomew-a0jdyzn8' } }
Adding $1 to hypeserver 
{ addFunds: { id: 'vedj9wro-z3a56d3e-8r5p7blg-8x4m0ykn' } }
Adding $10 to effector 
{ addFunds: { id: '3z8arxve-ymko60y9-478qgl5n-bj9w704d' } }
Adding $20 to ritabot-project 
{ addFunds: { id: 'gm9bnk80-437xqryo-mzepvzeo-ljdayw5r' } }
Adding $12 to tum-dev 
{ addFunds: { id: '8k03reyd-5agmq5e9-adeqlbwo-z7j4nxv9' } }
Adding $8 to praw-dev 
{ addFunds: { id: 'mvrwng4k-j03dpbmo-y09qz57o-yl9e8xba' } }
Adding $17 to swoole-src 
{ addFunds: { id: 'n4gx0bro-v5m96n0x-37gqd8lk-3ey7jzwa' } }
Adding $1 to flutter_stripe 
{ addFunds: { id: '3k0exgzn-m8yj64r9-je5p5wao-9r7b4dlv' } }
Adding $25 to electron-react-boilerplate-594 
{ addFunds: { id: 'gnxdwzj3-le5mpwjg-od0qy8rv-bko04a97' } }
Adding $20 to observer 
{ addFunds: { id: 'k9mbw7y4-8r3zq3g9-x8np0ej5-lavnodgx' } }
Adding $15 to sapphiredev 
{ addFunds: { id: '8rzownxl-9e50pxy5-80w6ymvb-dgk7j43a' } }
Adding $3 to world-class 
{ addFunds: { id: 'jrkx5lmn-v904qjwn-bxkp8bwa-7zdygoe3' } }
Adding $10 to ariakit 
{ addFunds: { id: 'ejoxl3az-45w9pawy-zdk6y870-mgkbrvdn' } }
Adding $10 to flow-launcher 
{ addFunds: { id: '3kzxy4v0-7wlr6mv3-wmy6mj9n-o8agdbe5' } }
Adding $5 to tenacity 
{ addFunds: { id: 'ax8emk7l-nw54q759-7rwpgyvj-0o93zdrb' } }
Adding $560 to asyncapi 
{ addFunds: { id: 'mywxoz34-09rl6kg4-njypvenb-dj7gk85a' } }
Adding $5 to opencannabis 
{ addFunds: { id: 'zaxon793-jy8gpl3w-4a9pbrkd-emwl5v04' } }
Adding $1 to pufferpanel 
{ addFunds: { id: 'e0adkjrv-8xwm697g-zblq7z5n-4l93bgoy' } }
Adding $1 to zrythm 
{ addFunds: { id: 'ywz9j4av-god8pgmr-04epmr35-nxklb0e7' } }
Adding $1 to cncjs 
{ addFunds: { id: 'rxg0j35l-zkwm6v50-ye0qvoe9-8n47daby' } }
Adding $550 to wemake-services 
{ addFunds: { id: 'eng0kzdy-vor4pzbn-d5opbma8-37xlw95j' } }
Adding $550 to bootstrap 
{ addFunds: { id: 'v349mrwg-z75lpy7b-er8pa08d-jeybknox' } }
Adding $550 to nock 
{ addFunds: { id: 'mlo94zn7-x08dpobv-gkeqewga-3vjbrky5' } }
Adding $553 to material-table-core 
{ addFunds: { id: 'a47byg9n-xozdp8y9-v5vqmjlv-03rek5w8' } }
Adding $5 to chucker 
{ addFunds: { id: 'vrgbk357-l4x96ead-eb5pomew-a0jdyzn8' } }
Adding $550 to express-validator 
{ addFunds: { id: 'vedj9wro-z3a56d3e-855p7blg-8x4m0ykn' } }
Adding $1.5 to prowlarr 
{ addFunds: { id: '3z8arxve-ymko60y9-4z8qgl5n-bj9w704d' } }
Adding $20 to gab 
{ addFunds: { id: 'gm9bnk80-437xqryo-mlepvzeo-ljdayw5r' } }
Adding $151 to vscode-icons 
{ addFunds: { id: '8k03reyd-5agmq5e9-a3eqlbwo-z7j4nxv9' } }
